<?xml version="1.0" encoding="UTF-8"?>
<testng-results skipped="0" failed="0" ignored="0" total="1" passed="1">
  <reporter-output>
    <line>
      <![CDATA[SeleniumHQ Browser Automation]]>
    </line>
  </reporter-output>
  <suite name="Default suite" duration-ms="8778" started-at="2020-03-02T11:39:27Z" finished-at="2020-03-02T11:39:35Z">
    <groups>
    </groups>
    <test name="Default test" duration-ms="8778" started-at="2020-03-02T11:39:27Z" finished-at="2020-03-02T11:39:35Z">
      <class name="com.testyantra.typroject.Tests.Test_01">
        <test-method status="PASS" signature="test()[pri:0, instance:com.testyantra.typroject.Tests.Test_01@4501b7af]" name="test" duration-ms="8733" started-at="2020-03-02T11:39:27Z" finished-at="2020-03-02T11:39:35Z">
          <reporter-output>
            <line>
              <![CDATA[SeleniumHQ Browser Automation]]>
            </line>
          </reporter-output>
        </test-method> <!-- test -->
      </class> <!-- com.testyantra.typroject.Tests.Test_01 -->
    </test> <!-- Default test -->
  </suite> <!-- Default suite -->
</testng-results>
